<?xml version="1.0" encoding="UTF-8"?>
<configuration>

    <!-- Console Appender -->
    <appender name="CONSOLE" class="ch.qos.logback.core.ConsoleAppender">
        <encoder>
            <pattern>
                %d{yyyy-MM-dd HH:mm:ss} - %5level - %msg%n
            </pattern>
        </encoder>
    </appender>

    <appender name="FILE" class="ch.qos.logback.core.rolling.RollingFileAppender">
        <file>logs/springboot-app.log</file>
        <rollingPolicy class="ch.qos.logback.core.rolling.TimeBasedRollingPolicy">
            <fileNamePattern>logs/springboot-app.%d{yyyy-MM-dd}.log</fileNamePattern>
            <maxHistory>1</maxHistory>
            <totalSizeCap>1GB</totalSizeCap>
        </rollingPolicy>
        <encoder>
            <pattern>
                %d{yyyy-MM-dd HH:mm:ss} - %5level - %msg%n
            </pattern>
        </encoder>
    </appender>

    <!-- Logger Definitions -->
    <logger name="org.springframework" level="INFO" />
    <logger name="com.yourcompany" level="INFO" />

    <!-- Root Logger Configuration -->
    <root level="INFO">
        <appender-ref ref="CONSOLE"/>
        <appender-ref ref="FILE"/>
    </root>

    <!-- Log Level Coloring -->
    <encoder>
        <pattern>
            %d{yyyy-MM-dd HH:mm:ss} -
            <color>
                %5level
            </color>
            - %msg%n
        </pattern>
    </encoder>

</configuration>
